<?xml version="1.0" encoding="UTF-8" ?>
<testsuite tests="17" failures="0" name="ru.sfedu.Test.model.beans.FilmTest" time="0" errors="0" skipped="0">
  <properties>
    <property name="idea.version" value="2021.2.3"/>
    <property name="java.runtime.name" value="OpenJDK Runtime Environment"/>
    <property name="java.vm.version" value="17.0.1+12-39"/>
    <property name="sun.boot.library.path" value="C:\Users\xdyac\.jdks\openjdk-17.0.1\bin"/>
    <property name="maven.multiModuleProjectDirectory" value="C:\Users\xdyac\IdeaProjects\drankin"/>
    <property name="java.vm.vendor" value="Oracle Corporation"/>
    <property name="java.vendor.url" value="https://java.oracle.com/"/>
    <property name="guice.disable.misplaced.annotation.check" value="true"/>
    <property name="path.separator" value=";"/>
    <property name="java.vm.name" value="OpenJDK 64-Bit Server VM"/>
    <property name="sun.os.patch.level" value=""/>
    <property name="user.script" value=""/>
    <property name="user.country" value="RU"/>
    <property name="sun.java.launcher" value="SUN_STANDARD"/>
    <property name="java.vm.specification.name" value="Java Virtual Machine Specification"/>
    <property name="user.dir" value="C:\Users\xdyac\IdeaProjects\drankin"/>
    <property name="java.vm.compressedOopsMode" value="32-bit"/>
    <property name="java.runtime.version" value="17.0.1+12-39"/>
    <property name="os.arch" value="amd64"/>
    <property name="java.io.tmpdir" value="C:\Users\xdyac\AppData\Local\Temp\"/>
    <property name="line.separator" value="
"/>
    <property name="java.vm.specification.vendor" value="Oracle Corporation"/>
    <property name="user.variant" value=""/>
    <property name="os.name" value="Windows 10"/>
    <property name="maven.ext.class.path" value="C:\Program Files\JetBrains\IntelliJ IDEA 2021.2.3\plugins\maven\lib\maven-event-listener.jar"/>
    <property name="classworlds.conf" value="C:\Program Files\JetBrains\IntelliJ IDEA 2021.2.3\plugins\maven\lib\maven3\bin\m2.conf"/>
    <property name="sun.jnu.encoding" value="Cp1251"/>
    <property name="java.library.path" value="C:\Users\xdyac\.jdks\openjdk-17.0.1\bin;C:\Windows\Sun\Java\bin;C:\Windows\system32;C:\Windows;C:\Python27\;C:\Python27\Scripts;C:\Windows\system32;C:\Windows;C:\Windows\System32\Wbem;C:\Windows\System32\WindowsPowerShell\v1.0\;C:\Windows\System32\OpenSSH\;C:\Program Files\nodejs\;C:\Program Files\Git\cmd;C:\Users\xdyac\AppData\Local\Yarn\bin;C:\Users\xdyac\AppData\Roaming\Microsoft\Windows\Start Menu\Programs\Python 3.10;C:\Users\xdyac\.jdks\openjdk-17.0.1\bin;C:\Users\xdyac\AppData\Local\Microsoft\WindowsApps;;C:\Program Files\JetBrains\WebStorm 2021.2.3\bin;;C:\Users\xdyac\AppData\Roaming\npm;."/>
    <property name="maven.conf" value="C:\Program Files\JetBrains\IntelliJ IDEA 2021.2.3\plugins\maven\lib\maven3/conf"/>
    <property name="jdk.debug" value="release"/>
    <property name="java.class.version" value="61.0"/>
    <property name="java.specification.name" value="Java Platform API Specification"/>
    <property name="sun.management.compiler" value="HotSpot 64-Bit Tiered Compilers"/>
    <property name="os.version" value="10.0"/>
    <property name="user.home" value="C:\Users\xdyac"/>
    <property name="user.timezone" value="Europe/Moscow"/>
    <property name="file.encoding" value="UTF-8"/>
    <property name="java.specification.version" value="17"/>
    <property name="user.name" value="xdyac"/>
    <property name="java.class.path" value="C:\Program Files\JetBrains\IntelliJ IDEA 2021.2.3\plugins\maven\lib\maven3\boot\plexus-classworlds-2.6.0.jar;C:\Program Files\JetBrains\IntelliJ IDEA 2021.2.3\plugins\maven\lib\maven3\boot\plexus-classworlds.license"/>
    <property name="java.vm.specification.version" value="17"/>
    <property name="sun.arch.data.model" value="64"/>
    <property name="sun.java.command" value="org.codehaus.classworlds.Launcher -Didea.version=2021.2.3 clean install"/>
    <property name="java.home" value="C:\Users\xdyac\.jdks\openjdk-17.0.1"/>
    <property name="user.language" value="ru"/>
    <property name="java.specification.vendor" value="Oracle Corporation"/>
    <property name="java.vm.info" value="mixed mode, sharing"/>
    <property name="java.version" value="17.0.1"/>
    <property name="native.encoding" value="Cp1251"/>
    <property name="java.vendor" value="Oracle Corporation"/>
    <property name="maven.home" value="C:\Program Files\JetBrains\IntelliJ IDEA 2021.2.3\plugins\maven\lib\maven3"/>
    <property name="file.separator" value="\"/>
    <property name="java.version.date" value="2021-10-19"/>
    <property name="java.vendor.url.bug" value="https://bugreport.java.com/bugreport/"/>
    <property name="sun.io.unicode.encoding" value="UnicodeLittle"/>
    <property name="sun.cpu.endian" value="little"/>
    <property name="sun.cpu.isalist" value="amd64"/>
  </properties>
  <testcase classname="ru.sfedu.Test.model.beans.FilmTest" name="testTestEqualsNegative" time="0"/>
  <testcase classname="ru.sfedu.Test.model.beans.FilmTest" name="testGetYearNegative" time="0"/>
  <testcase classname="ru.sfedu.Test.model.beans.FilmTest" name="testSetYearExceptionClass" time="0"/>
  <testcase classname="ru.sfedu.Test.model.beans.FilmTest" name="testSetYearPositive" time="0"/>
  <testcase classname="ru.sfedu.Test.model.beans.FilmTest" name="testSetYearNegative" time="0"/>
  <testcase classname="ru.sfedu.Test.model.beans.FilmTest" name="testSetNameExceptionClass" time="0"/>
  <testcase classname="ru.sfedu.Test.model.beans.FilmTest" name="testSetNamePositive" time="0"/>
  <testcase classname="ru.sfedu.Test.model.beans.FilmTest" name="testSetNameNegative" time="0"/>
  <testcase classname="ru.sfedu.Test.model.beans.FilmTest" name="testSetNameExceptionMessage" time="0"/>
  <testcase classname="ru.sfedu.Test.model.beans.FilmTest" name="testSetYearExceptionMessage" time="0"/>
  <testcase classname="ru.sfedu.Test.model.beans.FilmTest" name="testTestToStringPositive" time="0"/>
  <testcase classname="ru.sfedu.Test.model.beans.FilmTest" name="testTestToStringNegative" time="0"/>
  <testcase classname="ru.sfedu.Test.model.beans.FilmTest" name="testTestGetNamePositive" time="0"/>
  <testcase classname="ru.sfedu.Test.model.beans.FilmTest" name="testTestGetNameNegative" time="0"/>
  <testcase classname="ru.sfedu.Test.model.beans.FilmTest" name="testTestHashCode" time="0"/>
  <testcase classname="ru.sfedu.Test.model.beans.FilmTest" name="testTestEqualsPositive" time="0"/>
  <testcase classname="ru.sfedu.Test.model.beans.FilmTest" name="testGetYearPositive" time="0"/>
</testsuite>